<?xml version="1.0" encoding="UTF-8"?>
<testsuite name="Runner" tests="0" skipped="0" failures="0" errors="0" timestamp="1970-01-01T00:00:00" hostname="PC0373" time="0.0">
  <properties/>
  <system-out><![CDATA[12:18:03.320 [Test worker] DEBUG net.thucydides.core.util.PropertiesFileLocalPreferences - LOADING LOCAL PROPERTIES FROM C:\Users\bali\Desktop\Automated Tests\cucumber\calculator\serenity.properties 
12:18:03.336 [Test worker] DEBUG net.thucydides.core.util.PropertiesFileLocalPreferences - LOADING LOCAL PROPERTIES FROM C:\Users\bali\Desktop\Automated Tests\cucumber\calculator\serenity.properties 
12:18:03.336 [Test worker] DEBUG net.thucydides.core.util.PropertiesFileLocalPreferences - LOADING LOCAL PROPERTIES FROM C:\Users\bali\Desktop\Automated Tests\cucumber\calculator\serenity.properties 
12:18:03.837 [Test worker] DEBUG net.thucydides.core.util.PropertiesFileLocalPreferences - LOADING LOCAL PROPERTIES FROM C:\Users\bali\Desktop\Automated Tests\cucumber\calculator\serenity.properties 
12:18:03.837 [Test worker] DEBUG net.thucydides.core.util.PropertiesFileLocalPreferences - LOADING LOCAL PROPERTIES FROM C:\Users\bali\Desktop\Automated Tests\cucumber\calculator\serenity.properties 
12:18:03.837 [Test worker] DEBUG net.thucydides.core.util.PropertiesFileLocalPreferences - LOADING LOCAL PROPERTIES FROM C:\Users\bali\Desktop\Automated Tests\cucumber\calculator\serenity.properties 
12:18:03.852 [Test worker] INFO net.thucydides.core.steps.ConsoleLoggingListener - ?[36m

-------------------------------------------------------------------------------------
     _______. _______ .______       _______ .__   __.  __  .___________.____    ____ 
    /       ||   ____||   _  \     |   ____||  \ |  | |  | |           |\   \  /   / 
   |   (----`|  |__   |  |_)  |    |  |__   |   \|  | |  | `---|  |----` \   \/   /  
    \   \    |   __|  |      /     |   __|  |  . `  | |  |     |  |       \_    _/   
.----)   |   |  |____ |  |\  \----.|  |____ |  |\   | |  |     |  |         |  |     
|_______/    |_______|| _| `._____||_______||__| \__| |__|     |__|         |__|    
                                                                                     
 News and tutorials at http://www.serenity-bdd.info                                  
 Documentation at https://wakaleo.gitbooks.io/the-serenity-book/content/             
 Join the Serenity Community on Rocket Chat at https://serenity-bdd.rocket.chat      
 Serenity BDD Support and Training at http://serenity-bdd.info/#/trainingandsupport  
 Learn Serenity BDD online at http://serenity-dojo.com                               
-------------------------------------------------------------------------------------
?[0m
12:18:03.852 [Test worker] DEBUG net.thucydides.core.steps.StepEventBus - Test suite started for story net.thucydides.core.model.Story@3b21f762
12:18:03.868 [Test worker] INFO net.thucydides.core.steps.ConsoleLoggingListener - Test Suite Started: Test Calculator
12:18:04.106 [Test worker] INFO net.thucydides.core.steps.ConsoleLoggingListener - 
 _____ _____ ____ _____   ____ _____  _    ____ _____ _____ ____  
|_   _| ____/ ___|_   _| / ___|_   _|/ \  |  _ \_   _| ____|  _ \ 
  | | |  _| \___ \ | |   \___ \ | | / _ \ | |_) || | |  _| | | | |
  | | | |___ ___) || |    ___) || |/ ___ \|  _ < | | | |___| |_| |
  |_| |_____|____/ |_|   |____/ |_/_/   \_\_| \_\|_| |_____|____/ 
                                                                  

TEST STARTED: Test Plus Operator on Calculator
-------------------------------------------------------------------(test-calculator;test-plus-operator-on-calculator)
12:18:04.507 [Test worker] DEBUG net.thucydides.core.requirements.RootDirectory - Resource directories found in  in 22 ms: [src\test\resources]
12:18:04.507 [Test worker] DEBUG net.thucydides.core.requirements.RootDirectory - Resource directories found in C:\Users\bali\Desktop\Automated Tests\cucumber\calculator in 0 ms: [C:\Users\bali\Desktop\Automated Tests\cucumber\calculator\src\test\resources]
12:19:32.042 [Test worker] DEBUG net.thucydides.core.reports.ReportService - Reporting formats: [JSON, HTML]
12:19:32.042 [Test worker] DEBUG net.thucydides.core.reports.ReportService - Found reporter: net.thucydides.core.reports.xml.XMLTestOutcomeReporter@137b466f(format = Optional[XML])
12:19:32.042 [Test worker] DEBUG net.thucydides.core.reports.ReportService - Found reporter: net.thucydides.core.reports.json.JSONTestOutcomeReporter@4dd38494(format = Optional[JSON])
12:19:32.042 [Test worker] DEBUG net.thucydides.core.reports.ReportService - Registering reporter: net.thucydides.core.reports.json.JSONTestOutcomeReporter@4dd38494
12:19:32.042 [Test worker] DEBUG net.thucydides.core.reports.ReportService - Found reporter: net.thucydides.core.reports.html.HtmlAcceptanceTestReporter@e37f29d(format = Optional[HTML])
12:19:32.042 [Test worker] DEBUG net.thucydides.core.reports.ReportService - Registering reporter: net.thucydides.core.reports.html.HtmlAcceptanceTestReporter@e37f29d
12:19:32.042 [Test worker] DEBUG net.thucydides.core.reports.ReportService - Reporting formats: [JSON, HTML]
12:19:32.042 [Test worker] DEBUG net.thucydides.core.reports.ReportService - Generating reports for 1 test outcomes using: net.thucydides.core.reports.json.JSONTestOutcomeReporter@4dd38494
12:19:32.042 [Test worker] DEBUG net.thucydides.core.reports.junit.JUnitXMLOutcomeReporter - GENERATING JUNIT REPORTS
12:19:32.073 [pool-3-thread-1] DEBUG net.thucydides.core.reports.ReportService - Processing test outcome Test Calculator:Test Plus Operator on Calculator
12:19:32.073 [pool-3-thread-1] DEBUG net.thucydides.core.reports.ReportService - net.thucydides.core.reports.json.JSONTestOutcomeReporter@4dd38494: Generating report for test outcome: Test Calculator:Test Plus Operator on Calculator
12:19:32.083 [pool-3-thread-1] DEBUG net.thucydides.core.reports.json.JSONTestOutcomeReporter - Generating JSON report for Test Plus Operator on Calculator to file C:\Users\bali\Desktop\Automated Tests\cucumber\calculator\target\site\serenity\d696eeabc9b6e3f82fc1d11441c026e14c63ff45ae62046695fefce1850f9da3.json (using temp file C:\Users\bali\Desktop\Automated Tests\cucumber\calculator\target\site\serenity\d696eeabc9b6e3f82fc1d11441c026e14c63ff45ae62046695fefce1850f9da3.json4aac1963-2b0b-4b80-bcdf-f64a875714fe)
12:19:32.103 [pool-3-thread-1] DEBUG net.thucydides.core.reports.ReportService - Processing test outcome Test Calculator:Test Plus Operator on Calculator done
12:19:32.103 [Test worker] DEBUG net.thucydides.core.reports.ReportService - Shutting down executor service
12:19:32.103 [Test worker] DEBUG net.thucydides.core.reports.ReportService - Reports generated in: 61 ms
12:19:32.103 [Test worker] DEBUG net.thucydides.core.reports.ReportService - Generating reports for 1 test outcomes using: net.thucydides.core.reports.html.HtmlAcceptanceTestReporter@e37f29d
12:19:32.103 [Test worker] DEBUG net.thucydides.core.reports.junit.JUnitXMLOutcomeReporter - GENERATING JUNIT REPORTS
12:19:32.121 [pool-4-thread-1] DEBUG net.thucydides.core.reports.ReportService - Processing test outcome Test Calculator:Test Plus Operator on Calculator
12:19:32.121 [pool-4-thread-1] DEBUG net.thucydides.core.reports.ReportService - net.thucydides.core.reports.html.HtmlAcceptanceTestReporter@e37f29d: Generating report for test outcome: Test Calculator:Test Plus Operator on Calculator
12:19:32.121 [pool-4-thread-1] DEBUG net.thucydides.core.reports.html.HtmlAcceptanceTestReporter - GENERATE TEST OUTCOME REPORT FOR Test Plus Operator on Calculator in d696eeabc9b6e3f82fc1d11441c026e14c63ff45ae62046695fefce1850f9da3
12:19:32.121 [pool-4-thread-1] DEBUG net.thucydides.core.requirements.RequirementsTagProvider - Requirements found:[]
12:19:32.123 [pool-4-thread-1] DEBUG net.thucydides.core.requirements.RequirementsTagProvider - Requirements found:[]
12:19:32.123 [pool-4-thread-1] DEBUG net.thucydides.core.reports.html.HtmlAcceptanceTestReporter - GENERATING HTML REPORT FOR Test Calculator:Test Plus Operator on Calculator in d696eeabc9b6e3f82fc1d11441c026e14c63ff45ae62046695fefce1850f9da3.html in directory C:\Users\bali\Desktop\Automated Tests\cucumber\calculator\target\site\serenity  
12:19:32.131 [pool-4-thread-1] DEBUG net.thucydides.core.reports.html.HtmlAcceptanceTestReporter - Generating report in d696eeabc9b6e3f82fc1d11441c026e14c63ff45ae62046695fefce1850f9da3.html
12:19:32.193 [pool-4-thread-1] DEBUG net.thucydides.core.reports.html.HtmlAcceptanceTestReporter - Generated report d696eeabc9b6e3f82fc1d11441c026e14c63ff45ae62046695fefce1850f9da3.html in 62 ms
12:19:32.193 [pool-4-thread-1] DEBUG net.thucydides.core.reports.ReportService - Processing test outcome Test Calculator:Test Plus Operator on Calculator done
12:19:32.202 [Test worker] DEBUG net.thucydides.core.reports.ReportService - Shutting down executor service
12:19:32.202 [Test worker] DEBUG net.thucydides.core.reports.ReportService - Reports generated in: 99 ms

2 Scenarios (?[32m2 passed?[0m)
12 Steps (?[32m12 passed?[0m)
1m28,326s

]]></system-out>
  <system-err><![CDATA[]]></system-err>
</testsuite>
